<?xml version="1.0" encoding="UTF-8"?>
<!-- Generated by org.testng.reporters.JUnitReportReporter -->
<testsuite hostname="BT-INDIA-COM11" name="Selenium.BootStrapDropdown_2" tests="1" failures="0" timestamp="5 May 2020 13:05:52 GMT" time="16.898" errors="0">
  <testcase name="bootStrap" time="16.898" classname="Selenium.BootStrapDropdown_2"/>
</testsuite> <!-- Selenium.BootStrapDropdown_2 -->
