<?xml version="1.0" encoding="UTF-8"?>
<!-- Generated by org.testng.reporters.JUnitReportReporter -->
<testsuite hostname="BT-INDIA-COM11" name="seleniumPrograms.SolvingStaleElementReferenceExceptionUsingPageFactory" tests="1" failures="0" timestamp="24 Jun 2020 11:12:47 GMT" time="11.521" errors="0">
  <testcase name="doActions" time="11.521" classname="seleniumPrograms.SolvingStaleElementReferenceExceptionUsingPageFactory"/>
</testsuite> <!-- seleniumPrograms.SolvingStaleElementReferenceExceptionUsingPageFactory -->
