<?xml version="1.0" encoding="UTF-8"?>
<!-- Generated by org.testng.reporters.JUnitReportReporter -->
<testsuite hostname="BT-INDIA-COM11" name="cherchertech.SampleListIterator" tests="1" failures="0" timestamp="12 May 2020 11:30:59 GMT" time="0.019" errors="0">
  <testcase name="test" time="0.019" classname="cherchertech.SampleListIterator"/>
</testsuite> <!-- cherchertech.SampleListIterator -->
