<?xml version="1.0" encoding="UTF-8"?>
<!-- Generated by org.testng.reporters.JUnitReportReporter -->
<testsuite hostname="BT-INDIA-COM11" name="seleniumPrograms.GenerateExplictlyStaleElementReferenceException" tests="1" failures="0" timestamp="24 Jun 2020 11:04:08 GMT" time="14.627" errors="0">
  <testcase name="doActions" time="14.627" classname="seleniumPrograms.GenerateExplictlyStaleElementReferenceException"/>
</testsuite> <!-- seleniumPrograms.GenerateExplictlyStaleElementReferenceException -->
