<?xml version="1.0" encoding="UTF-8"?>
<!-- Generated by org.testng.reporters.JUnitReportReporter -->
<testsuite hostname="BT-INDIA-COM11" name="PriorityTestng" tests="7" failures="0" timestamp="1 Jul 2020 06:01:42 GMT" time="0.047" errors="0">
  <testcase name="a_method" time="0.019" classname="PriorityTestng"/>
  <testcase name="b_method" time="0.006" classname="PriorityTestng"/>
  <testcase name="f_method" time="0.010" classname="PriorityTestng"/>
  <testcase name="aab_method" time="0.001" classname="PriorityTestng"/>
  <testcase name="d_method" time="0.005" classname="PriorityTestng"/>
  <testcase name="c_method" time="0.003" classname="PriorityTestng"/>
  <testcase name="aa_method" time="0.003" classname="PriorityTestng"/>
</testsuite> <!-- PriorityTestng -->
