<?xml version="1.0" encoding="UTF-8"?>
<!-- Generated by org.testng.reporters.JUnitReportReporter -->
<testsuite hostname="BT-INDIA-COM11" name="Selenium.AlertPopup" tests="1" failures="0" timestamp="5 May 2020 12:59:44 GMT" time="8.683" errors="0">
  <testcase name="alertWindowPopup" time="8.683" classname="Selenium.AlertPopup"/>
</testsuite> <!-- Selenium.AlertPopup -->
