<?xml version="1.0" encoding="UTF-8"?>
<!-- Generated by org.testng.reporters.JUnitReportReporter -->
<testsuite hostname="BT-INDIA-COM11" name="Mo" tests="6" failures="0" timestamp="24 Apr 2020 11:29:06 GMT" time="0.024" errors="0">
  <testcase name="f_method" time="0.004" classname="Mo"/>
  <testcase name="b_method" time="0.001" classname="Mo"/>
  <testcase name="d_method" time="0.001" classname="Mo"/>
  <testcase name="a_method" time="0.013" classname="Mo"/>
  <testcase name="c_method" time="0.003" classname="Mo"/>
  <testcase name="e_method" time="0.002" classname="Mo"/>
</testsuite> <!-- Mo -->
