<?xml version="1.0" encoding="UTF-8"?>
<!-- Generated by org.testng.reporters.JUnitReportReporter -->
<testsuite hostname="BT-INDIA-COM11" name="seleniumPrograms.Listener_TestlistenerEx" tests="1" failures="0" timestamp="18 May 2020 11:33:53 GMT" time="0.020" errors="0">
  <testcase name="login" time="0.020" classname="seleniumPrograms.Listener_TestlistenerEx"/>
</testsuite> <!-- seleniumPrograms.Listener_TestlistenerEx -->
