<?xml version="1.0" encoding="UTF-8"?>
<!-- Generated by org.testng.reporters.JUnitReportReporter -->
<testsuite hostname="BT-INDIA-COM11" name="Selenium.ChromeLogs" tests="1" failures="0" timestamp="5 May 2020 14:57:24 GMT" time="25.317" errors="0">
  <testcase name="chromeLogs" time="25.317" classname="Selenium.ChromeLogs"/>
</testsuite> <!-- Selenium.ChromeLogs -->
