<?xml version="1.0" encoding="UTF-8"?>
<!-- Generated by org.testng.reporters.JUnitReportReporter -->
<testsuite hostname="BT-INDIA-COM11" name="Selenium.OpeningNewTab" tests="1" failures="0" timestamp="5 May 2020 16:09:17 GMT" time="24.320" errors="0">
  <testcase name="openingNewTab" time="24.320" classname="Selenium.OpeningNewTab"/>
</testsuite> <!-- Selenium.OpeningNewTab -->
