<?xml version="1.0" encoding="UTF-8"?>
<!-- Generated by org.testng.reporters.JUnitReportReporter -->
<testsuite hostname="BT-INDIA-COM11" name="Selenium.DropdownFunctions_2" tests="1" failures="0" timestamp="5 May 2020 15:32:29 GMT" time="16.551" errors="0">
  <testcase name="dropDownSelectFunction" time="16.551" classname="Selenium.DropdownFunctions_2"/>
</testsuite> <!-- Selenium.DropdownFunctions_2 -->
