<?xml version="1.0" encoding="UTF-8"?>
<!-- Generated by org.testng.reporters.JUnitReportReporter -->
<testsuite hostname="BT-INDIA-COM11" name="Selenium.StaleElementReference_1" tests="1" failures="0" timestamp="5 May 2020 16:20:25 GMT" time="17.198" errors="0">
  <testcase name="staleElementReference" time="17.198" classname="Selenium.StaleElementReference_1"/>
</testsuite> <!-- Selenium.StaleElementReference_1 -->
