<?xml version="1.0" encoding="UTF-8"?>
<!-- Generated by org.testng.reporters.JUnitReportReporter -->
<testsuite hostname="BT-INDIA-COM11" name="automobile.ParellelTesting" tests="2" failures="0" timestamp="1 Jul 2020 06:18:24 GMT" time="15.429" errors="0">
  <testcase name="test2" time="7.317" classname="automobile.ParellelTesting"/>
  <testcase name="test1" time="8.112" classname="automobile.ParellelTesting"/>
</testsuite> <!-- automobile.ParellelTesting -->
