<?xml version="1.0" encoding="UTF-8"?>
<!-- Generated by org.testng.reporters.JUnitReportReporter -->
<testsuite hostname="BT-INDIA-COM11" name="seleniumPrograms.Switchto_MultipleWindow" tests="1" failures="0" timestamp="18 May 2020 06:31:57 GMT" time="13.089" errors="0">
  <testcase name="operation" time="13.089" classname="seleniumPrograms.Switchto_MultipleWindow"/>
</testsuite> <!-- seleniumPrograms.Switchto_MultipleWindow -->
