<?xml version="1.0" encoding="UTF-8"?>
<!-- Generated by org.testng.reporters.JUnitReportReporter -->
<testsuite hostname="BT-INDIA-COM11" name="Selenium.DisableChromeNotification" tests="1" failures="0" timestamp="5 May 2020 14:59:52 GMT" time="14.835" errors="0">
  <testcase name="disableChromeNotification" time="14.835" classname="Selenium.DisableChromeNotification"/>
</testsuite> <!-- Selenium.DisableChromeNotification -->
