<?xml version="1.0" encoding="UTF-8"?>
<!-- Generated by org.testng.reporters.JUnitReportReporter -->
<testsuite hostname="BT-INDIA-COM11" name="Selenium.BootStrapDropdown_1" tests="1" failures="0" timestamp="5 May 2020 13:03:51 GMT" time="14.369" errors="0">
  <testcase name="bootStrap" time="14.369" classname="Selenium.BootStrapDropdown_1"/>
</testsuite> <!-- Selenium.BootStrapDropdown_1 -->
