<?xml version="1.0" encoding="UTF-8"?>
<!-- Generated by org.testng.reporters.JUnitReportReporter -->
<testsuite hostname="BT-INDIA-COM11" name="parallel.pararrelTesting" tests="2" failures="0" timestamp="23 Jun 2020 10:30:30 GMT" time="28.739" errors="0">
  <testcase name="browser" time="14.392" classname="parallel.pararrelTesting"/>
  <testcase name="testOnChromeWithBrowserStackUrl" time="14.347" classname="parallel.pararrelTesting"/>
</testsuite> <!-- parallel.pararrelTesting -->
