<?xml version="1.0" encoding="UTF-8"?>
<!-- Generated by org.testng.reporters.JUnitReportReporter -->
<testsuite hostname="BT-INDIA-COM11" name="pratice.pratice.FlightIxigo" tests="1" failures="0" timestamp="28 Apr 2020 17:54:29 GMT" time="19.879" errors="0">
  <testcase name="FlightSearch" time="19.879" classname="pratice.pratice.FlightIxigo"/>
</testsuite> <!-- pratice.pratice.FlightIxigo -->
