<?xml version="1.0" encoding="UTF-8"?>
<!-- Generated by org.testng.reporters.JUnitReportReporter -->
<testsuite hostname="BT-INDIA-COM11" name="Selenium.BrowserWindowPopup_1" tests="1" failures="0" timestamp="5 May 2020 14:53:34 GMT" time="19.008" errors="0">
  <testcase name="browserPopup" time="19.008" classname="Selenium.BrowserWindowPopup_1"/>
</testsuite> <!-- Selenium.BrowserWindowPopup_1 -->
