<?xml version="1.0" encoding="UTF-8"?>
<!-- Generated by org.testng.reporters.JUnitReportReporter -->
<testsuite hostname="BT-INDIA-COM11" name="seleniumPrograms.TestNGPriority" tests="7" failures="0" timestamp="10 Jun 2020 11:50:01 GMT" time="0.033" errors="0">
  <testcase name="z_method" time="0.017" classname="seleniumPrograms.TestNGPriority"/>
  <testcase name="d_method" time="0.002" classname="seleniumPrograms.TestNGPriority"/>
  <testcase name="b_method" time="0.007" classname="seleniumPrograms.TestNGPriority"/>
  <testcase name="c_method" time="0.001" classname="seleniumPrograms.TestNGPriority"/>
  <testcase name="a_method" time="0.002" classname="seleniumPrograms.TestNGPriority"/>
  <testcase name="t_method" time="0.003" classname="seleniumPrograms.TestNGPriority"/>
  <testcase name="x_method" time="0.001" classname="seleniumPrograms.TestNGPriority"/>
</testsuite> <!-- seleniumPrograms.TestNGPriority -->
